2026-02-01 11:14:43 +07:00: 🔄 Connecting to WhatsApp...
2026-02-01 11:14:47 +07:00:  
2026-02-01 11:14:47 +07:00: 🌿Connected to => {
  "id": "6282145827764:45@s.whatsapp.net",
  "lid": "20002317062256:45@lid",
  "name": "ZideeBot - Punya si Zidee"
}
2026-02-01 11:14:48 +07:00: 📝 Command used in group: bot
2026-02-01 11:14:49 +07:00: Closing session: SessionEntry {
  _chains: {
    'BXEsyHwfTPhCa6DlAYaDCmf05mPuwDO+BHJva1+iYAoE': { chainKey: [Object], chainType: 1, messageKeys: {} }
  },
  registrationId: 1732896048,
  currentRatchet: {
    ephemeralKeyPair: {
      pubKey: <Buffer 05 71 2c c8 7c 1f 4c f8 42 6b a0 e5 01 86 83 0a 67 f4 e6 63 ee c0 33 be 04 72 6f 6b 5f a2 60 0a 04>,
      privKey: <Buffer 80 f0 44 58 8d 0e 05 9c af cc 88 75 c8 8a da 1c b5 f0 f1 48 fa 0a 0b fa b4 15 4a 79 94 b3 fc 5d>
    },
    lastRemoteEphemeralKey: <Buffer 05 57 c1 48 b4 df e0 9b 07 fc 4f 95 84 37 53 3f db 32 bd a0 ac 7d 67 30 1b ea 5e 04 a2 a9 81 c2 71>,
    previousCounter: 0,
    rootKey: <Buffer 0f 36 97 69 b3 fe a9 de 27 e2 5b 70 5d ef 27 92 23 2c d8 ec 34 9f 65 e2 58 09 4e cc 15 06 a4 01>
  },
  indexInfo: {
    baseKey: <Buffer 05 e5 18 5f b8 34 3f ed 80 de 6b 1b 9e d5 ae d1 8d cb a2 8f 63 23 a1 87 2a 77 37 54 8b ba af df 37>,
    baseKeyType: 1,
    closed: -1,
    used: 1769918231640,
    created: 1769918231640,
    remoteIdentityKey: <Buffer 05 92 03 9c 1c 02 ba 02 aa 7f 01 ed de a5 70 0f 9d 19 1d fe f6 f7 3e bb d2 57 09 39 7b 12 c2 b9 46>
  },
  pendingPreKey: {
    signedKeyId: 1290139,
    baseKey: <Buffer 05 e5 18 5f b8 34 3f ed 80 de 6b 1b 9e d5 ae d1 8d cb a2 8f 63 23 a1 87 2a 77 37 54 8b ba af df 37>,
    preKeyId: 8528529
  }
}
2026-02-01 11:14:49 +07:00: Removing old closed session: SessionEntry {
  _chains: {
    'BYvR792PjZEk/SnIScRo+m9kZDwWy2MpgzSwX3xh4Rgr': { chainKey: [Object], chainType: 1, messageKeys: {} }
  },
  registrationId: 1732896048,
  currentRatchet: {
    ephemeralKeyPair: {
      pubKey: <Buffer 05 8b d1 ef dd 8f 8d 91 24 fd 29 c8 49 c4 68 fa 6f 64 64 3c 16 cb 63 29 83 34 b0 5f 7c 61 e1 18 2b>,
      privKey: <Buffer f0 e6 05 07 61 68 13 7f b9 d7 9a 17 02 da 72 cd dc 5f 40 f5 08 11 fb 52 f7 8a 2f 7d ab 36 fa 7f>
    },
    lastRemoteEphemeralKey: <Buffer 05 57 c1 48 b4 df e0 9b 07 fc 4f 95 84 37 53 3f db 32 bd a0 ac 7d 67 30 1b ea 5e 04 a2 a9 81 c2 71>,
    previousCounter: 0,
    rootKey: <Buffer 42 26 ed fe f9 c5 d1 ca 28 75 ea 78 42 24 8c 96 59 33 1a 29 62 62 cf 72 84 ef e6 5f 46 f1 87 c4>
  },
  indexInfo: {
    baseKey: <Buffer 05 b2 8f 0a 11 2d ce 62 77 ea f4 5f 1b 8d 95 7b d0 23 90 9b 32 1b 0c d6 91 b5 88 db 72 92 bc 78 39>,
    baseKeyType: 1,
    closed: 1769504389663,
    used: 1769495889838,
    created: 1769495889838,
    remoteIdentityKey: <Buffer 05 92 03 9c 1c 02 ba 02 aa 7f 01 ed de a5 70 0f 9d 19 1d fe f6 f7 3e bb d2 57 09 39 7b 12 c2 b9 46>
  },
  pendingPreKey: {
    signedKeyId: 1290139,
    baseKey: <Buffer 05 b2 8f 0a 11 2d ce 62 77 ea f4 5f 1b 8d 95 7b d0 23 90 9b 32 1b 0c d6 91 b5 88 db 72 92 bc 78 39>,
    preKeyId: 8528543
  }
}
2026-02-01 11:14:50 +07:00: Closing open session in favor of incoming prekey bundle
2026-02-01 11:14:50 +07:00: Closing session: SessionEntry {
  _chains: {
    'BVcRwXg0gfSTpsTJkUWH/X+Yz7Ht2btaELxcz1aQIG42': { chainKey: [Object], chainType: 2, messageKeys: {} },
    'BR0ZWmC3hTF9oqWKOzYJ1q9RNAqh/mjRbVdLOR2Rpi90': { chainKey: [Object], chainType: 2, messageKeys: {} },
    'BXw3P5s/e3+FVfNpNdO909qXOk+EirlxGPshNst9ufFM': { chainKey: [Object], chainType: 2, messageKeys: {} },
    'Be4xIeJfdldtRulO4iyqgYNytZJK9dM3GEdbXS/XwvRn': { chainKey: [Object], chainType: 2, messageKeys: {} },
    'Bc0NiD/4DjibijiSII5ky9kXsO8EZ80n7YfL3p0yv1YT': { chainKey: [Object], chainType: 2, messageKeys: {} },
    BddGHFRcNzJMIiATkk8AvKeCAW4Ami8xKowKt1Z1rEIH: { chainKey: [Object], chainType: 2, messageKeys: {} },
    'Ba4c/hJ/deIXzpVgz3h0+uTa7JxugZST5Yu9+FmZHUZH': { chainKey: [Object], chainType: 2, messageKeys: {} },
    BUpJRT1aLhloWBmr2BsHFzkvJUX0VJkF65XsFTrDiDRq: { chainKey: [Object], chainType: 2, messageKeys: {} },
    'BTYISOenyWBR91P963+CpqcEwDRb/1j/7R+3BZNJ+F0S': { chainKey: [Object], chainType: 2, messageKeys: {} },
    'BaI1+ykNCGXpIYJiFMZFD9y3O1ZfczRc7gsVEX8/ZkpI': { chainKey: [Object], chainType: 1, messageKeys: {} }
  },
  registrationId: 13650,
  currentRatchet: {
    ephemeralKeyPair: {
      pubKey: <Buffer 05 a2 35 fb 29 0d 08 65 e9 21 82 62 14 c6 45 0f dc b7 3b 56 5f 73 34 5c ee 0b 15 11 7f 3f 66 4a 48>,
      privKey: <Buffer f8 20 92 76 20 69 04 33 e2 8a 1b 1e 93 25 08 43 d2 40 90 a9 fd 5b a1 25 2d 84 61 19 0a 68 9a 7f>
    },
    lastRemoteEphemeralKey: <Buffer 05 36 08 48 e7 a7 c9 60 51 f7 53 fd eb 7f 82 a6 a7 04 c0 34 5b ff 58 ff ed 1f b7 05 93 49 f8 5d 12>,
    previousCounter: 2,
    rootKey: <Buffer bb a8 24 1b d1 da bd 3a 60 5b 42 42 83 a8 cc b4 51 1b a6 d0 39 3c d2 f0 1d 43 9f 10 1c 2f da d3>
  },
  indexInfo: {
    baseKey: <Buffer 05 4c 2a b1 4e eb ba ac 82 10 bd 6e aa ce 0c 0a 5a 98 dd 30 99 3a 0a 26 45 2d be 53 62 d8 5a 29 47>,
    baseKeyType: 2,
    closed: -1,
    used: 1769525743633,
    created: 1768365816747,
    remoteIdentityKey: <Buffer 05 26 94 76 80 58 bb 5e f3 bc 38 6e 5f 2c fd 9a 6a 4d 21 9e 6f 58 8c 6c 30 bd a4 83 c9 fb 98 f2 4a>
  }
}
2026-02-01 11:14:50 +07:00: 📝 Command used in group: bot
2026-02-01 11:14:51 +07:00: 

                  [ ZideeBot ]


2026-02-01 11:14:51 +07:00: < ================================================== >
2026-02-01 11:14:51 +07:00: 
• YT CHANNEL: MR UNIQUE HACKER
2026-02-01 11:14:51 +07:00: • GITHUB: mrunqiuehacker
2026-02-01 11:14:51 +07:00: • WA NUMBER: 628811613142,6282311727134
2026-02-01 11:14:51 +07:00: • CREDIT: MR UNIQUE HACKER
2026-02-01 11:14:51 +07:00: • 🤖 Bot Connected Successfully! ✅
2026-02-01 11:14:51 +07:00: Bot Version: 3.0.5
2026-02-01 11:16:09 +07:00: Connection closed due to Error: Stream Errored (conflict), reconnecting true
2026-02-01 11:16:09 +07:00: Reconnecting...
2026-02-01 11:16:14 +07:00: 🔄 Connecting to WhatsApp...
2026-02-01 11:16:16 +07:00:  
2026-02-01 11:16:16 +07:00: 🌿Connected to => {
  "id": "6282145827764:45@s.whatsapp.net",
  "lid": "20002317062256:45@lid",
  "name": "ZideeBot - Punya si Zidee"
}
2026-02-01 11:16:17 +07:00: Closing session: SessionEntry {
  _chains: {
    Bb0rAKdZXPrHQx9WGQAmzZWKAzS87KDNq9HNI3Wqw4dO: { chainKey: [Object], chainType: 1, messageKeys: {} }
  },
  registrationId: 1732896048,
  currentRatchet: {
    ephemeralKeyPair: {
      pubKey: <Buffer 05 bd 2b 00 a7 59 5c fa c7 43 1f 56 19 00 26 cd 95 8a 03 34 bc ec a0 cd ab d1 cd 23 75 aa c3 87 4e>,
      privKey: <Buffer 20 17 8f 6d f5 d8 ad f5 df 76 21 bd e3 fa b1 66 08 0c f3 73 e2 14 ae e6 ea 3f d2 3f 2c 99 26 74>
    },
    lastRemoteEphemeralKey: <Buffer 05 57 c1 48 b4 df e0 9b 07 fc 4f 95 84 37 53 3f db 32 bd a0 ac 7d 67 30 1b ea 5e 04 a2 a9 81 c2 71>,
    previousCounter: 0,
    rootKey: <Buffer 7e fd 5b 17 84 a1 55 e6 3d 97 d3 db 32 33 3f ed ae 0a 41 44 0c 2c bc d2 45 26 77 8b 22 14 1b 43>
  },
  indexInfo: {
    baseKey: <Buffer 05 e9 38 15 21 85 f1 00 18 48 e2 22 3e c1 a5 da cb e9 ba 8d bd bf 5e c1 23 27 c1 32 f0 e3 f4 d1 50>,
    baseKeyType: 1,
    closed: -1,
    used: 1769919372326,
    created: 1769919372326,
    remoteIdentityKey: <Buffer 05 92 03 9c 1c 02 ba 02 aa 7f 01 ed de a5 70 0f 9d 19 1d fe f6 f7 3e bb d2 57 09 39 7b 12 c2 b9 46>
  },
  pendingPreKey: {
    signedKeyId: 1290139,
    baseKey: <Buffer 05 e9 38 15 21 85 f1 00 18 48 e2 22 3e c1 a5 da cb e9 ba 8d bd bf 5e c1 23 27 c1 32 f0 e3 f4 d1 50>,
    preKeyId: 8527826
  }
}
2026-02-01 11:16:17 +07:00: Removing old closed session: SessionEntry {
  _chains: {
    Bdm6QwJZLytxpxynR2S2ArI2yK7tZdI9wRueDPX5zC1g: { chainKey: [Object], chainType: 1, messageKeys: {} }
  },
  registrationId: 1732896048,
  currentRatchet: {
    ephemeralKeyPair: {
      pubKey: <Buffer 05 d9 ba 43 02 59 2f 2b 71 a7 1c a7 47 64 b6 02 b2 36 c8 ae ed 65 d2 3d c1 1b 9e 0c f5 f9 cc 2d 60>,
      privKey: <Buffer 88 cf 76 67 e0 20 dc a9 cf ac 80 43 0f 6f c5 e9 d2 6b c3 57 da 36 ed b0 0c 0e ed 61 4e 8c c4 6f>
    },
    lastRemoteEphemeralKey: <Buffer 05 57 c1 48 b4 df e0 9b 07 fc 4f 95 84 37 53 3f db 32 bd a0 ac 7d 67 30 1b ea 5e 04 a2 a9 81 c2 71>,
    previousCounter: 0,
    rootKey: <Buffer 91 8c 85 a3 84 45 7f 3a ea 3b 9e 32 b1 7d d3 d4 a9 5e 27 c6 f0 a7 ac b0 82 42 8e a5 8a 2f 2c 2e>
  },
  indexInfo: {
    baseKey: <Buffer 05 93 67 42 32 6e e5 5f 71 ad 74 ea 2a b5 e2 ee 86 7f 6d b6 ef b4 99 02 9b 6c 6c 78 10 9d 5c 7b 16>,
    baseKeyType: 1,
    closed: 1769526826384,
    used: 1769526770610,
    created: 1769526770610,
    remoteIdentityKey: <Buffer 05 92 03 9c 1c 02 ba 02 aa 7f 01 ed de a5 70 0f 9d 19 1d fe f6 f7 3e bb d2 57 09 39 7b 12 c2 b9 46>
  },
  pendingPreKey: {
    signedKeyId: 1290139,
    baseKey: <Buffer 05 93 67 42 32 6e e5 5f 71 ad 74 ea 2a b5 e2 ee 86 7f 6d b6 ef b4 99 02 9b 6c 6c 78 10 9d 5c 7b 16>,
    preKeyId: 8528523
  }
}
2026-02-01 11:16:19 +07:00: 

                  [ ZideeBot ]


2026-02-01 11:16:19 +07:00: < ================================================== >
2026-02-01 11:16:19 +07:00: 
• YT CHANNEL: MR UNIQUE HACKER
2026-02-01 11:16:19 +07:00: • GITHUB: mrunqiuehacker
2026-02-01 11:16:19 +07:00: • WA NUMBER: 628811613142,6282311727134
2026-02-01 11:16:19 +07:00: • CREDIT: MR UNIQUE HACKER
2026-02-01 11:16:19 +07:00: • 🤖 Bot Connected Successfully! ✅
2026-02-01 11:16:19 +07:00: Bot Version: 3.0.5
2026-02-01 11:16:29 +07:00: Closing open session in favor of incoming prekey bundle
2026-02-01 11:16:29 +07:00: Closing session: SessionEntry {
  _chains: {
    'BcjUl6v5aKY1K1Sys6cky3z5+IQvCdHo7WGGst0bdMVh': { chainKey: [Object], chainType: 2, messageKeys: {} },
    'BYj8WOwZyB0wPmq/DHBf2UcEtHc7MV7beF98ihDX3Ck1': { chainKey: [Object], chainType: 1, messageKeys: {} }
  },
  registrationId: 13650,
  currentRatchet: {
    ephemeralKeyPair: {
      pubKey: <Buffer 05 88 fc 58 ec 19 c8 1d 30 3e 6a bf 0c 70 5f d9 47 04 b4 77 3b 31 5e db 78 5f 7c 8a 10 d7 dc 29 35>,
      privKey: <Buffer b8 22 75 1d 13 10 e7 be c4 42 7d eb 32 59 66 54 33 24 ae 21 1f 70 a6 25 4a 53 5a 8d 16 d6 1f 7d>
    },
    lastRemoteEphemeralKey: <Buffer 05 c8 d4 97 ab f9 68 a6 35 2b 54 b2 b3 a7 24 cb 7c f9 f8 84 2f 09 d1 e8 ed 61 86 b2 dd 1b 74 c5 61>,
    previousCounter: 0,
    rootKey: <Buffer 4e 32 94 b1 56 56 7e 91 fa 8c 50 4e d4 fa 8d 4e a9 f6 d0 23 01 dc ec cd 02 82 3b fc b0 13 1c 42>
  },
  indexInfo: {
    baseKey: <Buffer 05 c9 39 c1 b0 20 d2 e5 10 1a 49 ab ab f2 61 ef 59 09 db 49 e7 5d 27 bd 7e 1e 30 7f 77 cd 7b 0c 36>,
    baseKeyType: 2,
    closed: -1,
    used: 1769919290142,
    created: 1769919290142,
    remoteIdentityKey: <Buffer 05 26 94 76 80 58 bb 5e f3 bc 38 6e 5f 2c fd 9a 6a 4d 21 9e 6f 58 8c 6c 30 bd a4 83 c9 fb 98 f2 4a>
  }
}
2026-02-01 11:16:29 +07:00: 📝 Command used in group: bot
2026-02-01 11:16:45 +07:00: Connection closed due to Error: Stream Errored (conflict), reconnecting true
2026-02-01 11:16:45 +07:00: Reconnecting...
2026-02-01 11:16:51 +07:00: 🔄 Connecting to WhatsApp...
2026-02-01 11:16:53 +07:00:  
2026-02-01 11:16:53 +07:00: 🌿Connected to => {
  "id": "6282145827764:45@s.whatsapp.net",
  "lid": "20002317062256:45@lid",
  "name": "ZideeBot - Punya si Zidee"
}
2026-02-01 11:16:53 +07:00: Closing session: SessionEntry {
  _chains: {
    'BSpN5eQPrPkQOZj8WfRH5uhjwP6X08oIbbrIU2P2YrA+': { chainKey: [Object], chainType: 1, messageKeys: {} }
  },
  registrationId: 1732896048,
  currentRatchet: {
    ephemeralKeyPair: {
      pubKey: <Buffer 05 2a 4d e5 e4 0f ac f9 10 39 98 fc 59 f4 47 e6 e8 63 c0 fe 97 d3 ca 08 6d ba c8 53 63 f6 62 b0 3e>,
      privKey: <Buffer 60 ca 49 b0 25 60 36 a8 dc 28 44 bd 1d 09 0e 46 68 19 93 61 4a 86 15 1b 9c 26 e0 57 0b 5d 10 74>
    },
    lastRemoteEphemeralKey: <Buffer 05 57 c1 48 b4 df e0 9b 07 fc 4f 95 84 37 53 3f db 32 bd a0 ac 7d 67 30 1b ea 5e 04 a2 a9 81 c2 71>,
    previousCounter: 0,
    rootKey: <Buffer e2 0c 8d 56 62 3a 14 70 ad 53 d6 ed 6a a0 d0 4a 20 ad 2e bf 7d 9d 0e cb 2a 54 5b 3a 12 58 5e b5>
  },
  indexInfo: {
    baseKey: <Buffer 05 b2 97 ee 41 29 4c 60 75 29 c8 f0 d8 5f 72 d8 79 22 55 6f 2e f7 4b 51 dd 93 ae eb 96 80 38 5d 19>,
    baseKeyType: 1,
    closed: -1,
    used: 1769919377150,
    created: 1769919377150,
    remoteIdentityKey: <Buffer 05 92 03 9c 1c 02 ba 02 aa 7f 01 ed de a5 70 0f 9d 19 1d fe f6 f7 3e bb d2 57 09 39 7b 12 c2 b9 46>
  },
  pendingPreKey: {
    signedKeyId: 1290139,
    baseKey: <Buffer 05 b2 97 ee 41 29 4c 60 75 29 c8 f0 d8 5f 72 d8 79 22 55 6f 2e f7 4b 51 dd 93 ae eb 96 80 38 5d 19>,
    preKeyId: 8528477
  }
}
2026-02-01 11:16:53 +07:00: Removing old closed session: SessionEntry {
  _chains: {
    BdVUBV0EePRWq7S6pls0YK2b6OvGe1dYk2hil4lhxfAi: { chainKey: [Object], chainType: 1, messageKeys: {} }
  },
  registrationId: 1732896048,
  currentRatchet: {
    ephemeralKeyPair: {
      pubKey: <Buffer 05 d5 54 05 5d 04 78 f4 56 ab b4 ba a6 5b 34 60 ad 9b e8 eb c6 7b 57 58 93 68 62 97 89 61 c5 f0 22>,
      privKey: <Buffer 20 56 2f 19 1d 0d b0 17 c1 41 00 6a e4 57 fb 50 03 00 a4 a7 52 53 48 b5 03 c9 72 ff c2 4d 70 4b>
    },
    lastRemoteEphemeralKey: <Buffer 05 57 c1 48 b4 df e0 9b 07 fc 4f 95 84 37 53 3f db 32 bd a0 ac 7d 67 30 1b ea 5e 04 a2 a9 81 c2 71>,
    previousCounter: 0,
    rootKey: <Buffer ab 46 87 7e 16 45 23 3a fd c8 68 e3 bd ff 43 c8 80 85 ac 80 42 91 62 17 0d bc 24 72 1c ea 55 93>
  },
  indexInfo: {
    baseKey: <Buffer 05 41 f6 71 be 3a 34 72 7f c4 c8 b4 6b e2 f1 e6 e0 6a f2 8b 2d d1 4d 83 86 48 8d 1c 20 7d 07 57 0f>,
    baseKeyType: 1,
    closed: 1769527297829,
    used: 1769526826382,
    created: 1769526826382,
    remoteIdentityKey: <Buffer 05 92 03 9c 1c 02 ba 02 aa 7f 01 ed de a5 70 0f 9d 19 1d fe f6 f7 3e bb d2 57 09 39 7b 12 c2 b9 46>
  },
  pendingPreKey: {
    signedKeyId: 1290139,
    baseKey: <Buffer 05 41 f6 71 be 3a 34 72 7f c4 c8 b4 6b e2 f1 e6 e0 6a f2 8b 2d d1 4d 83 86 48 8d 1c 20 7d 07 57 0f>,
    preKeyId: 8527805
  }
}
2026-02-01 11:16:55 +07:00: 

                  [ ZideeBot ]


2026-02-01 11:16:55 +07:00: < ================================================== >
2026-02-01 11:16:55 +07:00: 
• YT CHANNEL: MR UNIQUE HACKER
2026-02-01 11:16:55 +07:00: • GITHUB: mrunqiuehacker
2026-02-01 11:16:55 +07:00: • WA NUMBER: 628811613142,6282311727134
2026-02-01 11:16:55 +07:00: • CREDIT: MR UNIQUE HACKER
2026-02-01 11:16:55 +07:00: • 🤖 Bot Connected Successfully! ✅
2026-02-01 11:16:55 +07:00: Bot Version: 3.0.5
2026-02-01 11:19:19 +07:00: Connection closed due to Error: Stream Errored (conflict), reconnecting true
2026-02-01 11:19:19 +07:00: Reconnecting...
2026-02-01 11:19:24 +07:00: 🔄 Connecting to WhatsApp...
2026-02-01 11:19:26 +07:00:  
2026-02-01 11:19:26 +07:00: 🌿Connected to => {
  "id": "6282145827764:45@s.whatsapp.net",
  "lid": "20002317062256:45@lid",
  "name": "ZideeBot - Punya si Zidee"
}
2026-02-01 11:19:27 +07:00: Closing session: SessionEntry {
  _chains: {
    'BQdPm+uCddg1iNtoP4PpPR4BeQyj+AMKzjYQpm09tpNf': { chainKey: [Object], chainType: 1, messageKeys: {} }
  },
  registrationId: 1732896048,
  currentRatchet: {
    ephemeralKeyPair: {
      pubKey: <Buffer 05 07 4f 9b eb 82 75 d8 35 88 db 68 3f 83 e9 3d 1e 01 79 0c a3 f8 03 0a ce 36 10 a6 6d 3d b6 93 5f>,
      privKey: <Buffer e0 b1 23 8f 67 a2 af 5f 3a 60 9e 5c 0f 37 36 bb ff 60 6f 2e 0c ab a9 54 5f 21 e4 6b 2a 17 86 63>
    },
    lastRemoteEphemeralKey: <Buffer 05 57 c1 48 b4 df e0 9b 07 fc 4f 95 84 37 53 3f db 32 bd a0 ac 7d 67 30 1b ea 5e 04 a2 a9 81 c2 71>,
    previousCounter: 0,
    rootKey: <Buffer 30 fa 3c 60 83 83 04 a7 8f a0 0b 1d ba 30 44 da 6c 11 94 ff 16 50 b1 f6 99 90 86 ed ba d2 e3 fb>
  },
  indexInfo: {
    baseKey: <Buffer 05 d9 d7 e1 7e e8 6f 29 b1 01 b9 c8 1d 63 3f a4 0b bf ae 5c cd 1b 33 d4 f2 9a 52 11 d4 09 45 87 13>,
    baseKeyType: 1,
    closed: -1,
    used: 1769919413660,
    created: 1769919413660,
    remoteIdentityKey: <Buffer 05 92 03 9c 1c 02 ba 02 aa 7f 01 ed de a5 70 0f 9d 19 1d fe f6 f7 3e bb d2 57 09 39 7b 12 c2 b9 46>
  },
  pendingPreKey: {
    signedKeyId: 1290139,
    baseKey: <Buffer 05 d9 d7 e1 7e e8 6f 29 b1 01 b9 c8 1d 63 3f a4 0b bf ae 5c cd 1b 33 d4 f2 9a 52 11 d4 09 45 87 13>,
    preKeyId: 8528458
  }
}
2026-02-01 11:19:27 +07:00: Removing old closed session: SessionEntry {
  _chains: {
    'BYm131/aGFFIwXveBunmjEXomgYJllkiBCZuquEcyshd': { chainKey: [Object], chainType: 1, messageKeys: {} }
  },
  registrationId: 1732896048,
  currentRatchet: {
    ephemeralKeyPair: {
      pubKey: <Buffer 05 89 b5 df 5f da 18 51 48 c1 7b de 06 e9 e6 8c 45 e8 9a 06 09 96 59 22 04 26 6e aa e1 1c ca c8 5d>,
      privKey: <Buffer 50 b4 9d b1 4f 8d 4d 85 11 d7 24 51 f5 3d d3 c2 21 e2 43 c8 f8 30 c3 17 a6 89 72 fa db 67 70 56>
    },
    lastRemoteEphemeralKey: <Buffer 05 57 c1 48 b4 df e0 9b 07 fc 4f 95 84 37 53 3f db 32 bd a0 ac 7d 67 30 1b ea 5e 04 a2 a9 81 c2 71>,
    previousCounter: 0,
    rootKey: <Buffer 1e 96 af 72 3c cb 4a 9a 10 f1 19 40 6c 70 71 31 40 76 f5 f4 47 79 68 6c 5c 67 12 da 4a a3 00 6e>
  },
  indexInfo: {
    baseKey: <Buffer 05 74 45 5d ec 8e 56 d5 b1 74 e3 28 e5 e9 44 2a b2 fa c9 63 9f af c2 2c c3 91 8a 09 f3 54 de fd 13>,
    baseKeyType: 1,
    closed: 1769527521426,
    used: 1769527297827,
    created: 1769527297827,
    remoteIdentityKey: <Buffer 05 92 03 9c 1c 02 ba 02 aa 7f 01 ed de a5 70 0f 9d 19 1d fe f6 f7 3e bb d2 57 09 39 7b 12 c2 b9 46>
  },
  pendingPreKey: {
    signedKeyId: 1290139,
    baseKey: <Buffer 05 74 45 5d ec 8e 56 d5 b1 74 e3 28 e5 e9 44 2a b2 fa c9 63 9f af c2 2c c3 91 8a 09 f3 54 de fd 13>,
    preKeyId: 8527919
  }
}
2026-02-01 11:19:29 +07:00: 

                  [ ZideeBot ]


2026-02-01 11:19:29 +07:00: < ================================================== >
2026-02-01 11:19:29 +07:00: 
• YT CHANNEL: MR UNIQUE HACKER
2026-02-01 11:19:29 +07:00: • GITHUB: mrunqiuehacker
2026-02-01 11:19:29 +07:00: • WA NUMBER: 628811613142,6282311727134
2026-02-01 11:19:29 +07:00: • CREDIT: MR UNIQUE HACKER
2026-02-01 11:19:29 +07:00: • 🤖 Bot Connected Successfully! ✅
2026-02-01 11:19:29 +07:00: Bot Version: 3.0.5
2026-02-01 11:19:31 +07:00: Connection closed due to Error: Stream Errored (conflict), reconnecting true
2026-02-01 11:19:31 +07:00: Reconnecting...
2026-02-01 11:19:36 +07:00: 🔄 Connecting to WhatsApp...
2026-02-01 11:19:39 +07:00:  
2026-02-01 11:19:39 +07:00: 🌿Connected to => {
  "id": "6282145827764:45@s.whatsapp.net",
  "lid": "20002317062256:45@lid",
  "name": "ZideeBot - Punya si Zidee"
}
2026-02-01 11:19:41 +07:00: Closing session: SessionEntry {
  _chains: {
    'BQKoW84lDoL/ezHYlq0qRuK7aT7Kv0qmdIybeDtAUa1J': { chainKey: [Object], chainType: 1, messageKeys: {} }
  },
  registrationId: 1732896048,
  currentRatchet: {
    ephemeralKeyPair: {
      pubKey: <Buffer 05 02 a8 5b ce 25 0e 82 ff 7b 31 d8 96 ad 2a 46 e2 bb 69 3e ca bf 4a a6 74 8c 9b 78 3b 40 51 ad 49>,
      privKey: <Buffer 30 a1 d0 b4 b9 a3 6b d9 dc 52 a6 71 ec e9 b2 1c 92 45 97 f9 98 22 1a a5 11 93 aa 1f 15 ad 71 58>
    },
    lastRemoteEphemeralKey: <Buffer 05 57 c1 48 b4 df e0 9b 07 fc 4f 95 84 37 53 3f db 32 bd a0 ac 7d 67 30 1b ea 5e 04 a2 a9 81 c2 71>,
    previousCounter: 0,
    rootKey: <Buffer 5c 71 9b ad 69 e5 17 5b 66 6b 79 47 fa eb c7 49 45 5b a5 04 a7 1d ba 4e 0f bc 49 0f 92 f8 cb eb>
  },
  indexInfo: {
    baseKey: <Buffer 05 e3 1d 79 e0 00 64 79 97 3c 6d 64 66 19 4e 2a cd 37 96 9c 55 25 a9 02 96 05 0a e9 88 89 c5 32 76>,
    baseKeyType: 1,
    closed: -1,
    used: 1769919567068,
    created: 1769919567068,
    remoteIdentityKey: <Buffer 05 92 03 9c 1c 02 ba 02 aa 7f 01 ed de a5 70 0f 9d 19 1d fe f6 f7 3e bb d2 57 09 39 7b 12 c2 b9 46>
  },
  pendingPreKey: {
    signedKeyId: 1290139,
    baseKey: <Buffer 05 e3 1d 79 e0 00 64 79 97 3c 6d 64 66 19 4e 2a cd 37 96 9c 55 25 a9 02 96 05 0a e9 88 89 c5 32 76>,
    preKeyId: 8527921
  }
}
2026-02-01 11:19:41 +07:00: Removing old closed session: SessionEntry {
  _chains: {
    BdIS0OOkWtUCevvZAvoy0i5tx1UHMFVmmu9FhPDkpLF4: { chainKey: [Object], chainType: 1, messageKeys: {} }
  },
  registrationId: 1732896048,
  currentRatchet: {
    ephemeralKeyPair: {
      pubKey: <Buffer 05 d2 12 d0 e3 a4 5a d5 02 7a fb d9 02 fa 32 d2 2e 6d c7 55 07 30 55 66 9a ef 45 84 f0 e4 a4 b1 78>,
      privKey: <Buffer 58 4e 91 48 51 72 f6 10 0a 64 cb f4 63 f1 a9 e7 c5 39 f9 30 46 b7 13 e7 9e ab 84 cf 28 a5 7f 69>
    },
    lastRemoteEphemeralKey: <Buffer 05 57 c1 48 b4 df e0 9b 07 fc 4f 95 84 37 53 3f db 32 bd a0 ac 7d 67 30 1b ea 5e 04 a2 a9 81 c2 71>,
    previousCounter: 0,
    rootKey: <Buffer 79 e9 36 ec 9e 79 90 a6 94 ad 34 e5 b1 6d 69 51 73 51 07 94 44 e0 4a 2e 73 43 b7 ff eb 36 5b 43>
  },
  indexInfo: {
    baseKey: <Buffer 05 15 ab 30 86 bc 8a d1 76 dd cc 1e e9 8b 4f 1c c1 1e 69 0c 49 d0 5e 98 66 a3 3e 09 c2 99 df 3a 3b>,
    baseKeyType: 1,
    closed: 1769527743133,
    used: 1769527521424,
    created: 1769527521424,
    remoteIdentityKey: <Buffer 05 92 03 9c 1c 02 ba 02 aa 7f 01 ed de a5 70 0f 9d 19 1d fe f6 f7 3e bb d2 57 09 39 7b 12 c2 b9 46>
  },
  pendingPreKey: {
    signedKeyId: 1290139,
    baseKey: <Buffer 05 15 ab 30 86 bc 8a d1 76 dd cc 1e e9 8b 4f 1c c1 1e 69 0c 49 d0 5e 98 66 a3 3e 09 c2 99 df 3a 3b>,
    preKeyId: 8528570
  }
}
2026-02-01 11:19:43 +07:00: 

                  [ ZideeBot ]


2026-02-01 11:19:43 +07:00: < ================================================== >
2026-02-01 11:19:43 +07:00: 
• YT CHANNEL: MR UNIQUE HACKER
2026-02-01 11:19:43 +07:00: • GITHUB: mrunqiuehacker
2026-02-01 11:19:43 +07:00: • WA NUMBER: 628811613142,6282311727134
2026-02-01 11:19:43 +07:00: • CREDIT: MR UNIQUE HACKER
2026-02-01 11:19:43 +07:00: • 🤖 Bot Connected Successfully! ✅
2026-02-01 11:19:43 +07:00: Bot Version: 3.0.5
2026-02-01 11:19:44 +07:00: Connection closed due to Error: Stream Errored (conflict), reconnecting true
2026-02-01 11:19:44 +07:00: Reconnecting...
2026-02-01 11:19:49 +07:00: 🔄 Connecting to WhatsApp...
2026-02-01 11:19:52 +07:00:  
2026-02-01 11:19:52 +07:00: 🌿Connected to => {
  "id": "6282145827764:45@s.whatsapp.net",
  "lid": "20002317062256:45@lid",
  "name": "ZideeBot - Punya si Zidee"
}
2026-02-01 11:19:54 +07:00: Closing session: SessionEntry {
  _chains: {
    'BcV4rWVu+iMKjNHSY7RJ3X/+BW5DREUjQs1ooxDGiLAS': { chainKey: [Object], chainType: 1, messageKeys: {} }
  },
  registrationId: 1732896048,
  currentRatchet: {
    ephemeralKeyPair: {
      pubKey: <Buffer 05 c5 78 ad 65 6e fa 23 0a 8c d1 d2 63 b4 49 dd 7f fe 05 6e 43 44 45 23 42 cd 68 a3 10 c6 88 b0 12>,
      privKey: <Buffer d8 75 16 50 1f 73 0c 1e 96 e3 ad 9c 19 8d 80 48 bb 44 26 2c 78 08 7c be 76 d5 5b 0e c9 40 18 4e>
    },
    lastRemoteEphemeralKey: <Buffer 05 57 c1 48 b4 df e0 9b 07 fc 4f 95 84 37 53 3f db 32 bd a0 ac 7d 67 30 1b ea 5e 04 a2 a9 81 c2 71>,
    previousCounter: 0,
    rootKey: <Buffer 0d 59 17 0f 40 c6 b8 c3 06 70 b4 e8 2f e0 92 da c1 c0 6e 8a 80 60 0f 19 e1 e4 fb 45 41 6f 81 d9>
  },
  indexInfo: {
    baseKey: <Buffer 05 33 8d 0e 64 51 f4 dc 39 ce 00 30 a6 28 53 bc fc a8 97 46 2b de 87 f3 f9 05 c7 6a 9b 97 ec 44 48>,
    baseKeyType: 1,
    closed: -1,
    used: 1769919581186,
    created: 1769919581186,
    remoteIdentityKey: <Buffer 05 92 03 9c 1c 02 ba 02 aa 7f 01 ed de a5 70 0f 9d 19 1d fe f6 f7 3e bb d2 57 09 39 7b 12 c2 b9 46>
  },
  pendingPreKey: {
    signedKeyId: 1290139,
    baseKey: <Buffer 05 33 8d 0e 64 51 f4 dc 39 ce 00 30 a6 28 53 bc fc a8 97 46 2b de 87 f3 f9 05 c7 6a 9b 97 ec 44 48>,
    preKeyId: 8527967
  }
}
2026-02-01 11:19:54 +07:00: Removing old closed session: SessionEntry {
  _chains: {
    'BeimCez+mFStn+nYb3i18mQWeVksbhi9wDtTcYuc7AQU': { chainKey: [Object], chainType: 1, messageKeys: {} }
  },
  registrationId: 1732896048,
  currentRatchet: {
    ephemeralKeyPair: {
      pubKey: <Buffer 05 e8 a6 09 ec fe 98 54 ad 9f e9 d8 6f 78 b5 f2 64 16 79 59 2c 6e 18 bd c0 3b 53 71 8b 9c ec 04 14>,
      privKey: <Buffer a0 13 80 71 f2 a8 bb c9 6b e7 4f 95 fd 74 2c 9f f8 1b 4f d5 fc 75 61 a2 14 a0 1f 3f fd 30 fd 5e>
    },
    lastRemoteEphemeralKey: <Buffer 05 57 c1 48 b4 df e0 9b 07 fc 4f 95 84 37 53 3f db 32 bd a0 ac 7d 67 30 1b ea 5e 04 a2 a9 81 c2 71>,
    previousCounter: 0,
    rootKey: <Buffer 9f b0 68 fc 2f f8 21 19 b9 50 8b 5f 42 b4 c7 31 ee 7d 12 1c 19 d5 79 77 ed 19 b9 dc 4e ac a5 77>
  },
  indexInfo: {
    baseKey: <Buffer 05 43 ac f1 bc d4 ec 34 6c 1b de 9f 77 82 ef 3b 76 b1 96 d3 22 fd 7d 00 80 eb 98 67 f6 17 84 14 15>,
    baseKeyType: 1,
    closed: 1769528157825,
    used: 1769527743129,
    created: 1769527743129,
    remoteIdentityKey: <Buffer 05 92 03 9c 1c 02 ba 02 aa 7f 01 ed de a5 70 0f 9d 19 1d fe f6 f7 3e bb d2 57 09 39 7b 12 c2 b9 46>
  },
  pendingPreKey: {
    signedKeyId: 1290139,
    baseKey: <Buffer 05 43 ac f1 bc d4 ec 34 6c 1b de 9f 77 82 ef 3b 76 b1 96 d3 22 fd 7d 00 80 eb 98 67 f6 17 84 14 15>,
    preKeyId: 8528514
  }
}
2026-02-01 11:19:56 +07:00: 

                  [ ZideeBot ]


2026-02-01 11:19:56 +07:00: < ================================================== >
2026-02-01 11:19:56 +07:00: 
• YT CHANNEL: MR UNIQUE HACKER
2026-02-01 11:19:56 +07:00: • GITHUB: mrunqiuehacker
2026-02-01 11:19:56 +07:00: • WA NUMBER: 628811613142,6282311727134
2026-02-01 11:19:56 +07:00: • CREDIT: MR UNIQUE HACKER
2026-02-01 11:19:56 +07:00: • 🤖 Bot Connected Successfully! ✅
2026-02-01 11:19:56 +07:00: Bot Version: 3.0.5
2026-02-01 11:19:56 +07:00: Connection closed due to Error: Stream Errored (conflict), reconnecting true
2026-02-01 11:19:56 +07:00: Reconnecting...
2026-02-01 11:20:02 +07:00: 🔄 Connecting to WhatsApp...
2026-02-01 11:20:05 +07:00:  
2026-02-01 11:20:05 +07:00: 🌿Connected to => {
  "id": "6282145827764:45@s.whatsapp.net",
  "lid": "20002317062256:45@lid",
  "name": "ZideeBot - Punya si Zidee"
}
2026-02-01 11:20:06 +07:00: Closing session: SessionEntry {
  _chains: {
    'BcoUMyssUNEeUU9a+/hflTms+CKzmGb3BiQW+7LD+LpC': { chainKey: [Object], chainType: 1, messageKeys: {} }
  },
  registrationId: 1732896048,
  currentRatchet: {
    ephemeralKeyPair: {
      pubKey: <Buffer 05 ca 14 33 2b 2c 50 d1 1e 51 4f 5a fb f8 5f 95 39 ac f8 22 b3 98 66 f7 06 24 16 fb b2 c3 f8 ba 42>,
      privKey: <Buffer 58 6c e9 18 17 93 e5 ad 04 98 fb a8 cd b7 a7 6a 03 61 fe b0 1d 0d b7 c9 17 d2 2b 3a 78 6a 86 53>
    },
    lastRemoteEphemeralKey: <Buffer 05 57 c1 48 b4 df e0 9b 07 fc 4f 95 84 37 53 3f db 32 bd a0 ac 7d 67 30 1b ea 5e 04 a2 a9 81 c2 71>,
    previousCounter: 0,
    rootKey: <Buffer 7e 84 be 12 61 28 99 f5 01 40 ca a7 b7 62 a9 87 59 37 bb 04 ca 70 fb 13 db de 1d 50 f5 16 c8 e4>
  },
  indexInfo: {
    baseKey: <Buffer 05 4f d1 58 06 75 35 08 47 c7 4b 38 c3 65 08 99 91 9c fb 45 4b c3 87 f6 ca c0 77 57 e5 62 da 49 0f>,
    baseKeyType: 1,
    closed: -1,
    used: 1769919594519,
    created: 1769919594519,
    remoteIdentityKey: <Buffer 05 92 03 9c 1c 02 ba 02 aa 7f 01 ed de a5 70 0f 9d 19 1d fe f6 f7 3e bb d2 57 09 39 7b 12 c2 b9 46>
  },
  pendingPreKey: {
    signedKeyId: 1290139,
    baseKey: <Buffer 05 4f d1 58 06 75 35 08 47 c7 4b 38 c3 65 08 99 91 9c fb 45 4b c3 87 f6 ca c0 77 57 e5 62 da 49 0f>,
    preKeyId: 8528486
  }
}
2026-02-01 11:20:06 +07:00: Removing old closed session: SessionEntry {
  _chains: {
    'BbwyvMMhaUcujS6InxeXVS/EfAptKYjvjdkJve7WagYv': { chainKey: [Object], chainType: 1, messageKeys: {} }
  },
  registrationId: 1732896048,
  currentRatchet: {
    ephemeralKeyPair: {
      pubKey: <Buffer 05 bc 32 bc c3 21 69 47 2e 8d 2e 88 9f 17 97 55 2f c4 7c 0a 6d 29 88 ef 8d d9 09 bd ee d6 6a 06 2f>,
      privKey: <Buffer b0 53 18 9d f3 d8 c9 67 eb fa c4 ec 8c 82 2f 5e d9 36 ba 2b d1 9d 9d 0f 74 9d 47 ef 22 2d 26 59>
    },
    lastRemoteEphemeralKey: <Buffer 05 57 c1 48 b4 df e0 9b 07 fc 4f 95 84 37 53 3f db 32 bd a0 ac 7d 67 30 1b ea 5e 04 a2 a9 81 c2 71>,
    previousCounter: 0,
    rootKey: <Buffer 43 0e 14 d9 3a ea a2 09 3c 34 2e bc 92 d8 0d aa 32 90 6c 1c a8 33 a3 5b b3 fe 3c 85 ee 2d f5 4b>
  },
  indexInfo: {
    baseKey: <Buffer 05 57 1f 4f 34 36 4f 77 46 20 4e da 28 9b 62 a6 ee 9c 0a 09 44 79 15 9f 14 93 bb 70 cd 90 6e 55 31>,
    baseKeyType: 1,
    closed: 1769528666236,
    used: 1769528157823,
    created: 1769528157823,
    remoteIdentityKey: <Buffer 05 92 03 9c 1c 02 ba 02 aa 7f 01 ed de a5 70 0f 9d 19 1d fe f6 f7 3e bb d2 57 09 39 7b 12 c2 b9 46>
  },
  pendingPreKey: {
    signedKeyId: 1290139,
    baseKey: <Buffer 05 57 1f 4f 34 36 4f 77 46 20 4e da 28 9b 62 a6 ee 9c 0a 09 44 79 15 9f 14 93 bb 70 cd 90 6e 55 31>,
    preKeyId: 8528491
  }
}
2026-02-01 11:20:08 +07:00: 

                  [ ZideeBot ]


2026-02-01 11:20:08 +07:00: < ================================================== >
2026-02-01 11:20:08 +07:00: 
• YT CHANNEL: MR UNIQUE HACKER
2026-02-01 11:20:08 +07:00: • GITHUB: mrunqiuehacker
2026-02-01 11:20:08 +07:00: • WA NUMBER: 628811613142,6282311727134
2026-02-01 11:20:08 +07:00: • CREDIT: MR UNIQUE HACKER
2026-02-01 11:20:08 +07:00: • 🤖 Bot Connected Successfully! ✅
2026-02-01 11:20:08 +07:00: Bot Version: 3.0.5
2026-02-01 11:22:49 +07:00: 🔄 Connecting to WhatsApp...
2026-02-01 11:22:52 +07:00:  
2026-02-01 11:22:52 +07:00: 🌿Connected to => {
  "id": "6282145827764:45@s.whatsapp.net",
  "lid": "20002317062256:45@lid",
  "name": "ZideeBot - Punya si Zidee"
}
2026-02-01 11:22:54 +07:00: Closing session: SessionEntry {
  _chains: {
    'BaI/Yab6NSr8EP5+MkxrhIFLpPogACtbeN8HutnvINd/': { chainKey: [Object], chainType: 1, messageKeys: {} }
  },
  registrationId: 1732896048,
  currentRatchet: {
    ephemeralKeyPair: {
      pubKey: <Buffer 05 a2 3f 61 a6 fa 35 2a fc 10 fe 7e 32 4c 6b 84 81 4b a4 fa 20 00 2b 5b 78 df 07 ba d9 ef 20 d7 7f>,
      privKey: <Buffer 40 0a 82 3c 5c 05 5b 87 52 ac 18 24 5b f8 22 20 07 ad b0 43 7b 42 0c 91 a1 d9 de 9d c1 96 a4 59>
    },
    lastRemoteEphemeralKey: <Buffer 05 57 c1 48 b4 df e0 9b 07 fc 4f 95 84 37 53 3f db 32 bd a0 ac 7d 67 30 1b ea 5e 04 a2 a9 81 c2 71>,
    previousCounter: 0,
    rootKey: <Buffer 1c 46 d6 84 4d 67 24 7e ae 05 d9 e3 3b a9 b7 2e b8 7f d6 a3 f2 64 64 1c ed 91 9b ff 00 b9 d5 5a>
  },
  indexInfo: {
    baseKey: <Buffer 05 b8 08 1b ad 8a ca 28 1c f9 0f 87 82 77 ca 5a 40 00 03 42 85 67 58 5b 88 60 ab 3d 80 61 64 7d 29>,
    baseKeyType: 1,
    closed: -1,
    used: 1769919759152,
    created: 1769919759152,
    remoteIdentityKey: <Buffer 05 92 03 9c 1c 02 ba 02 aa 7f 01 ed de a5 70 0f 9d 19 1d fe f6 f7 3e bb d2 57 09 39 7b 12 c2 b9 46>
  },
  pendingPreKey: {
    signedKeyId: 1290139,
    baseKey: <Buffer 05 b8 08 1b ad 8a ca 28 1c f9 0f 87 82 77 ca 5a 40 00 03 42 85 67 58 5b 88 60 ab 3d 80 61 64 7d 29>,
    preKeyId: 8528446
  }
}
2026-02-01 11:22:54 +07:00: Removing old closed session: SessionEntry {
  _chains: {
    'BYDphZTtNevkcSzU+A6uDKNc/ys2BQko7GokL7jSHfI0': { chainKey: [Object], chainType: 1, messageKeys: {} }
  },
  registrationId: 1732896048,
  currentRatchet: {
    ephemeralKeyPair: {
      pubKey: <Buffer 05 80 e9 85 94 ed 35 eb e4 71 2c d4 f8 0e ae 0c a3 5c ff 2b 36 05 09 28 ec 6a 24 2f b8 d2 1d f2 34>,
      privKey: <Buffer e8 35 cf 28 28 34 d3 0d c0 14 8c 78 6a ba a9 14 f4 2a d5 8e 69 a0 7d 75 ce 71 fc 28 5e 0d 2a 4a>
    },
    lastRemoteEphemeralKey: <Buffer 05 57 c1 48 b4 df e0 9b 07 fc 4f 95 84 37 53 3f db 32 bd a0 ac 7d 67 30 1b ea 5e 04 a2 a9 81 c2 71>,
    previousCounter: 0,
    rootKey: <Buffer 41 46 04 5f 11 51 d1 74 6c b2 3e c1 21 63 2f 07 12 a3 1a fa 9d a9 2b a1 ab 49 2a e2 66 18 48 3e>
  },
  indexInfo: {
    baseKey: <Buffer 05 bb a0 43 80 a6 de 01 f7 0d 22 9c 39 8b 24 0c 0b 3a 37 ac 6f 78 9f 88 31 78 f3 65 e8 fd 3b 49 77>,
    baseKeyType: 1,
    closed: 1769574597573,
    used: 1769528767969,
    created: 1769528767969,
    remoteIdentityKey: <Buffer 05 92 03 9c 1c 02 ba 02 aa 7f 01 ed de a5 70 0f 9d 19 1d fe f6 f7 3e bb d2 57 09 39 7b 12 c2 b9 46>
  },
  pendingPreKey: {
    signedKeyId: 1290139,
    baseKey: <Buffer 05 bb a0 43 80 a6 de 01 f7 0d 22 9c 39 8b 24 0c 0b 3a 37 ac 6f 78 9f 88 31 78 f3 65 e8 fd 3b 49 77>,
    preKeyId: 8528479
  }
}
2026-02-01 11:22:56 +07:00: 

                  [ ZideeBot ]


2026-02-01 11:22:56 +07:00: < ================================================== >
2026-02-01 11:22:56 +07:00: 
• YT CHANNEL: MR UNIQUE HACKER
2026-02-01 11:22:56 +07:00: • GITHUB: mrunqiuehacker
2026-02-01 11:22:56 +07:00: • WA NUMBER: 628811613142,6282311727134
2026-02-01 11:22:56 +07:00: • CREDIT: MR UNIQUE HACKER
2026-02-01 11:22:56 +07:00: • 🤖 Bot Connected Successfully! ✅
2026-02-01 11:22:56 +07:00: Bot Version: 3.0.5
2026-02-01 11:22:57 +07:00: Connection closed due to Error: Stream Errored (conflict), reconnecting true
2026-02-01 11:22:57 +07:00: Reconnecting...
2026-02-01 11:23:02 +07:00: 🔄 Connecting to WhatsApp...
2026-02-01 11:23:05 +07:00:  
2026-02-01 11:23:05 +07:00: 🌿Connected to => {
  "id": "6282145827764:45@s.whatsapp.net",
  "lid": "20002317062256:45@lid",
  "name": "ZideeBot - Punya si Zidee"
}
2026-02-01 11:23:06 +07:00: Closing session: SessionEntry {
  _chains: {
    'BYhSvNs8viRMb4ZfhaE0oCZJHY0f++vz3JkClEDi3qRd': { chainKey: [Object], chainType: 1, messageKeys: {} }
  },
  registrationId: 1732896048,
  currentRatchet: {
    ephemeralKeyPair: {
      pubKey: <Buffer 05 88 52 bc db 3c be 24 4c 6f 86 5f 85 a1 34 a0 26 49 1d 8d 1f fb eb f3 dc 99 02 94 40 e2 de a4 5d>,
      privKey: <Buffer 78 15 91 2d e7 83 75 ea e9 b9 50 89 20 2d 66 51 a6 80 cf 7b 44 8a 23 21 30 43 ec 57 a1 5f b4 48>
    },
    lastRemoteEphemeralKey: <Buffer 05 57 c1 48 b4 df e0 9b 07 fc 4f 95 84 37 53 3f db 32 bd a0 ac 7d 67 30 1b ea 5e 04 a2 a9 81 c2 71>,
    previousCounter: 0,
    rootKey: <Buffer b1 7b 9c b0 48 aa 00 03 96 46 ad c8 31 50 f6 47 e5 b3 d5 78 27 5e d5 8e 9f d7 e5 75 f6 7d 44 74>
  },
  indexInfo: {
    baseKey: <Buffer 05 5b 33 e4 5a 77 b1 20 2e 7e 2e 58 bf 91 0b 90 d7 80 16 66 5e 59 93 a0 60 a2 f3 1e 3c 65 5a 2e 7c>,
    baseKeyType: 1,
    closed: -1,
    used: 1769919778713,
    created: 1769919778713,
    remoteIdentityKey: <Buffer 05 92 03 9c 1c 02 ba 02 aa 7f 01 ed de a5 70 0f 9d 19 1d fe f6 f7 3e bb d2 57 09 39 7b 12 c2 b9 46>
  },
  pendingPreKey: {
    signedKeyId: 1290139,
    baseKey: <Buffer 05 5b 33 e4 5a 77 b1 20 2e 7e 2e 58 bf 91 0b 90 d7 80 16 66 5e 59 93 a0 60 a2 f3 1e 3c 65 5a 2e 7c>,
    preKeyId: 8528571
  }
}
2026-02-01 11:23:06 +07:00: Removing old closed session: SessionEntry {
  _chains: {
    BZXBKi3AnSW02TzeHpTirJgpRJBNBxhv3EFrCIOdPVoD: { chainKey: [Object], chainType: 1, messageKeys: {} }
  },
  registrationId: 1732896048,
  currentRatchet: {
    ephemeralKeyPair: {
      pubKey: <Buffer 05 95 c1 2a 2d c0 9d 25 b4 d9 3c de 1e 94 e2 ac 98 29 44 90 4d 07 18 6f dc 41 6b 08 83 9d 3d 5a 03>,
      privKey: <Buffer a8 b7 41 d0 9d 65 b7 49 14 86 bc 14 6a f3 1b 27 8a 53 38 1b b4 c1 4b 67 45 83 fc bd d3 f9 df 4b>
    },
    lastRemoteEphemeralKey: <Buffer 05 57 c1 48 b4 df e0 9b 07 fc 4f 95 84 37 53 3f db 32 bd a0 ac 7d 67 30 1b ea 5e 04 a2 a9 81 c2 71>,
    previousCounter: 0,
    rootKey: <Buffer 2d ec dc 47 53 a9 8b 71 2a 89 33 56 04 62 44 20 5c 76 60 56 4d 88 98 48 00 c5 5b e0 b8 ca b5 f3>
  },
  indexInfo: {
    baseKey: <Buffer 05 7d 7a fd 2e 72 c2 70 f4 b1 b0 26 9c 4e ca 11 4a 2c cd 70 50 2c 8d 85 b7 fa 97 9a 7e b1 85 28 6b>,
    baseKeyType: 1,
    closed: 1769588010641,
    used: 1769582504878,
    created: 1769582504878,
    remoteIdentityKey: <Buffer 05 92 03 9c 1c 02 ba 02 aa 7f 01 ed de a5 70 0f 9d 19 1d fe f6 f7 3e bb d2 57 09 39 7b 12 c2 b9 46>
  },
  pendingPreKey: {
    signedKeyId: 1290139,
    baseKey: <Buffer 05 7d 7a fd 2e 72 c2 70 f4 b1 b0 26 9c 4e ca 11 4a 2c cd 70 50 2c 8d 85 b7 fa 97 9a 7e b1 85 28 6b>,
    preKeyId: 8527932
  }
}
2026-02-01 11:23:13 +07:00: 🔄 Connecting to WhatsApp...
2026-02-01 11:23:16 +07:00:  
2026-02-01 11:23:16 +07:00: 🌿Connected to => {
  "id": "6282145827764:45@s.whatsapp.net",
  "lid": "20002317062256:45@lid",
  "name": "ZideeBot - Punya si Zidee"
}
2026-02-01 11:23:18 +07:00: Closing session: SessionEntry {
  _chains: {
    'BYiJnOAcE685ntlsbmZKPwxLpgJ7mE3mP6qyvaHX7Qd/': { chainKey: [Object], chainType: 1, messageKeys: {} }
  },
  registrationId: 1732896048,
  currentRatchet: {
    ephemeralKeyPair: {
      pubKey: <Buffer 05 88 89 9c e0 1c 13 af 39 9e d9 6c 6e 66 4a 3f 0c 4b a6 02 7b 98 4d e6 3f aa b2 bd a1 d7 ed 07 7f>,
      privKey: <Buffer d0 7d 9a a3 ff 0e 41 59 72 d6 db d3 d2 a3 92 30 cb 32 d7 15 b0 bd 38 70 35 33 c5 ff a7 f3 4b 52>
    },
    lastRemoteEphemeralKey: <Buffer 05 57 c1 48 b4 df e0 9b 07 fc 4f 95 84 37 53 3f db 32 bd a0 ac 7d 67 30 1b ea 5e 04 a2 a9 81 c2 71>,
    previousCounter: 0,
    rootKey: <Buffer 1a 2f aa 09 4b b4 c1 cf 39 f8 d7 e2 59 91 53 ce 9a 42 f0 a9 a3 d5 4f d5 0d 6b 59 e8 b4 be 07 6b>
  },
  indexInfo: {
    baseKey: <Buffer 05 ff c1 60 97 c3 a1 0e d4 c8 f8 c0 06 25 04 f6 bc 2f 45 40 d8 0a 36 cb 97 c1 13 bf b1 93 58 2e 27>,
    baseKeyType: 1,
    closed: -1,
    used: 1769919786674,
    created: 1769919786674,
    remoteIdentityKey: <Buffer 05 92 03 9c 1c 02 ba 02 aa 7f 01 ed de a5 70 0f 9d 19 1d fe f6 f7 3e bb d2 57 09 39 7b 12 c2 b9 46>
  },
  pendingPreKey: {
    signedKeyId: 1290139,
    baseKey: <Buffer 05 ff c1 60 97 c3 a1 0e d4 c8 f8 c0 06 25 04 f6 bc 2f 45 40 d8 0a 36 cb 97 c1 13 bf b1 93 58 2e 27>,
    preKeyId: 8527837
  }
}
2026-02-01 11:23:18 +07:00: Removing old closed session: SessionEntry {
  _chains: {
    BTiWZhXAEqPFy1XxZinJivV65DeVpp4vcFRJm3Hax256: { chainKey: [Object], chainType: 1, messageKeys: {} }
  },
  registrationId: 1732896048,
  currentRatchet: {
    ephemeralKeyPair: {
      pubKey: <Buffer 05 38 96 66 15 c0 12 a3 c5 cb 55 f1 66 29 c9 8a f5 7a e4 37 95 a6 9e 2f 70 54 49 9b 71 da c7 6e 7a>,
      privKey: <Buffer 20 a4 42 ca f4 e6 d6 74 59 b7 f5 b4 28 59 9c d1 30 93 95 b8 c8 14 98 44 48 bd e3 2e a6 6d 15 6a>
    },
    lastRemoteEphemeralKey: <Buffer 05 57 c1 48 b4 df e0 9b 07 fc 4f 95 84 37 53 3f db 32 bd a0 ac 7d 67 30 1b ea 5e 04 a2 a9 81 c2 71>,
    previousCounter: 0,
    rootKey: <Buffer 7b ab ec df 0e 9e 13 98 d4 20 f6 8e 29 d7 ed 1c 99 86 8f ea 80 3f 2c d3 f4 7d 6b ff 90 d9 7b a8>
  },
  indexInfo: {
    baseKey: <Buffer 05 51 2e cd 66 3c 79 54 14 03 84 1c e2 70 55 c7 40 99 fe b9 a1 20 8a 16 b3 2c 05 62 0f 6b ba d8 49>,
    baseKeyType: 1,
    closed: 1769588035462,
    used: 1769588010639,
    created: 1769588010639,
    remoteIdentityKey: <Buffer 05 92 03 9c 1c 02 ba 02 aa 7f 01 ed de a5 70 0f 9d 19 1d fe f6 f7 3e bb d2 57 09 39 7b 12 c2 b9 46>
  },
  pendingPreKey: {
    signedKeyId: 1290139,
    baseKey: <Buffer 05 51 2e cd 66 3c 79 54 14 03 84 1c e2 70 55 c7 40 99 fe b9 a1 20 8a 16 b3 2c 05 62 0f 6b ba d8 49>,
    preKeyId: 8527920
  }
}
2026-02-01 11:23:18 +07:00: 📝 Command used in group: bot
2026-02-01 11:23:20 +07:00: 

                  [ ZideeBot ]


2026-02-01 11:23:20 +07:00: < ================================================== >
2026-02-01 11:23:20 +07:00: 
• YT CHANNEL: MR UNIQUE HACKER
2026-02-01 11:23:20 +07:00: • GITHUB: mrunqiuehacker
2026-02-01 11:23:20 +07:00: • WA NUMBER: 628811613142,6282311727134
2026-02-01 11:23:20 +07:00: • CREDIT: MR UNIQUE HACKER
2026-02-01 11:23:20 +07:00: • 🤖 Bot Connected Successfully! ✅
2026-02-01 11:23:20 +07:00: Bot Version: 3.0.5
2026-02-01 11:25:31 +07:00: 📝 Command used in group: ping
2026-02-01 11:26:49 +07:00: 📝 Command used in group: ping
