2026-02-01 11:28:12 +07:00: 🔄 Connecting to WhatsApp...
2026-02-01 11:28:14 +07:00:  
2026-02-01 11:28:14 +07:00: 🌿Connected to => {
2026-02-01 11:28:14 +07:00:   "id": "6282145827764:45@s.whatsapp.net",
2026-02-01 11:28:14 +07:00:   "lid": "20002317062256:45@lid",
2026-02-01 11:28:14 +07:00:   "name": "ZideeBot - Punya si Zidee"
2026-02-01 11:28:14 +07:00: }
2026-02-01 11:28:15 +07:00: 📝 Command used in group: ping
2026-02-01 11:28:15 +07:00: Closing session: SessionEntry {
2026-02-01 11:28:15 +07:00:   _chains: {
2026-02-01 11:28:15 +07:00:     BYcXafrRIFQxd7bPe74i2qR2spdkYrNUBUQucuPB1LFN: { chainKey: [Object], chainType: 1, messageKeys: {} }
2026-02-01 11:28:15 +07:00:   },
2026-02-01 11:28:15 +07:00:   registrationId: 1732896048,
2026-02-01 11:28:15 +07:00:   currentRatchet: {
2026-02-01 11:28:15 +07:00:     ephemeralKeyPair: {
2026-02-01 11:28:15 +07:00:       pubKey: <Buffer 05 87 17 69 fa d1 20 54 31 77 b6 cf 7b be 22 da a4 76 b2 97 64 62 b3 54 05 44 2e 72 e3 c1 d4 b1 4d>,
2026-02-01 11:28:15 +07:00:       privKey: <Buffer 18 e4 a0 d0 ee 36 f3 c1 81 68 0e 10 ae 00 cf 07 c3 c8 7f e6 44 38 b0 66 66 67 d9 4d a6 bc 56 72>
2026-02-01 11:28:15 +07:00:     },
2026-02-01 11:28:15 +07:00:     lastRemoteEphemeralKey: <Buffer 05 57 c1 48 b4 df e0 9b 07 fc 4f 95 84 37 53 3f db 32 bd a0 ac 7d 67 30 1b ea 5e 04 a2 a9 81 c2 71>,
2026-02-01 11:28:15 +07:00:     previousCounter: 0,
2026-02-01 11:28:15 +07:00:     rootKey: <Buffer e0 69 2c 46 a6 6f 79 1f f5 97 f9 b9 76 c3 51 e0 64 71 38 91 c8 6b d7 da c2 07 25 34 13 e9 bf 46>
2026-02-01 11:28:15 +07:00:   },
2026-02-01 11:28:15 +07:00:   indexInfo: {
2026-02-01 11:28:15 +07:00:     baseKey: <Buffer 05 b8 26 df 98 a6 75 2e be 9f b1 79 7e 3a 2f 05 bb 24 0a 67 70 ed 06 bb 03 d8 8d 11 99 5d 32 77 55>,
2026-02-01 11:28:15 +07:00:     baseKeyType: 1,
2026-02-01 11:28:15 +07:00:     closed: -1,
2026-02-01 11:28:15 +07:00:     used: 1769919798371,
2026-02-01 11:28:15 +07:00:     created: 1769919798371,
2026-02-01 11:28:15 +07:00:     remoteIdentityKey: <Buffer 05 92 03 9c 1c 02 ba 02 aa 7f 01 ed de a5 70 0f 9d 19 1d fe f6 f7 3e bb d2 57 09 39 7b 12 c2 b9 46>
2026-02-01 11:28:15 +07:00:   },
2026-02-01 11:28:15 +07:00:   pendingPreKey: {
2026-02-01 11:28:15 +07:00:     signedKeyId: 1290139,
2026-02-01 11:28:15 +07:00:     baseKey: <Buffer 05 b8 26 df 98 a6 75 2e be 9f b1 79 7e 3a 2f 05 bb 24 0a 67 70 ed 06 bb 03 d8 8d 11 99 5d 32 77 55>,
2026-02-01 11:28:15 +07:00:     preKeyId: 8527956
2026-02-01 11:28:15 +07:00:   }
2026-02-01 11:28:15 +07:00: }
2026-02-01 11:28:15 +07:00: Removing old closed session: SessionEntry {
2026-02-01 11:28:15 +07:00:   _chains: {
2026-02-01 11:28:15 +07:00:     'BUNjotVzhylMwiaJlGTJJG3XHhs7/oUay7p1Rn+EgWJg': { chainKey: [Object], chainType: 1, messageKeys: {} }
2026-02-01 11:28:15 +07:00:   },
2026-02-01 11:28:15 +07:00:   registrationId: 1732896048,
2026-02-01 11:28:15 +07:00:   currentRatchet: {
2026-02-01 11:28:15 +07:00:     ephemeralKeyPair: {
2026-02-01 11:28:15 +07:00:       pubKey: <Buffer 05 43 63 a2 d5 73 87 29 4c c2 26 89 94 64 c9 24 6d d7 1e 1b 3b fe 85 1a cb ba 75 46 7f 84 81 62 60>,
2026-02-01 11:28:15 +07:00:       privKey: <Buffer 88 36 22 60 a6 05 8d 7d fb 70 df f0 81 8d d0 80 69 56 34 4b db c0 79 06 b8 5c a5 7b 7f 81 2c 69>
2026-02-01 11:28:15 +07:00:     },
2026-02-01 11:28:15 +07:00:     lastRemoteEphemeralKey: <Buffer 05 57 c1 48 b4 df e0 9b 07 fc 4f 95 84 37 53 3f db 32 bd a0 ac 7d 67 30 1b ea 5e 04 a2 a9 81 c2 71>,
2026-02-01 11:28:15 +07:00:     previousCounter: 0,
2026-02-01 11:28:15 +07:00:     rootKey: <Buffer c0 0d 6d 3b 18 3b 6f 6b f1 57 08 71 8d 6f 34 9a de 4f 13 35 af 90 c2 81 9f 23 06 a3 2f da fd af>
2026-02-01 11:28:15 +07:00:   },
2026-02-01 11:28:15 +07:00:   indexInfo: {
2026-02-01 11:28:15 +07:00:     baseKey: <Buffer 05 cf 39 6c 19 2c b0 f8 ef 9b ff 15 83 ff 29 2c 5e c1 55 a4 fd eb 7f 08 67 a0 0a 57 e6 05 99 b9 15>,
2026-02-01 11:28:15 +07:00:     baseKeyType: 1,
2026-02-01 11:28:15 +07:00:     closed: 1769606361907,
2026-02-01 11:28:15 +07:00:     used: 1769588035456,
2026-02-01 11:28:15 +07:00:     created: 1769588035456,
2026-02-01 11:28:15 +07:00:     remoteIdentityKey: <Buffer 05 92 03 9c 1c 02 ba 02 aa 7f 01 ed de a5 70 0f 9d 19 1d fe f6 f7 3e bb d2 57 09 39 7b 12 c2 b9 46>
2026-02-01 11:28:15 +07:00:   },
2026-02-01 11:28:15 +07:00:   pendingPreKey: {
2026-02-01 11:28:15 +07:00:     signedKeyId: 1290139,
2026-02-01 11:28:15 +07:00:     baseKey: <Buffer 05 cf 39 6c 19 2c b0 f8 ef 9b ff 15 83 ff 29 2c 5e c1 55 a4 fd eb 7f 08 67 a0 0a 57 e6 05 99 b9 15>,
2026-02-01 11:28:15 +07:00:     preKeyId: 8528522
2026-02-01 11:28:15 +07:00:   }
2026-02-01 11:28:15 +07:00: }
2026-02-01 11:28:17 +07:00: 
2026-02-01 11:28:17 +07:00: 
2026-02-01 11:28:17 +07:00:                   [ ZideeBot ]
2026-02-01 11:28:17 +07:00: 
2026-02-01 11:28:17 +07:00: 
2026-02-01 11:28:17 +07:00: < ================================================== >
2026-02-01 11:28:17 +07:00: 
2026-02-01 11:28:17 +07:00: • YT CHANNEL: MR UNIQUE HACKER
2026-02-01 11:28:17 +07:00: • GITHUB: mrunqiuehacker
2026-02-01 11:28:17 +07:00: • WA NUMBER: 628811613142,6282311727134
2026-02-01 11:28:17 +07:00: • CREDIT: MR UNIQUE HACKER
2026-02-01 11:28:17 +07:00: • 🤖 Bot Connected Successfully! ✅
2026-02-01 11:28:17 +07:00: Bot Version: 3.0.5
